<?xml version="1.0" encoding="UTF-8"?>
<testng-results skipped="0" failed="0" total="1" passed="1">
  <reporter-output>
  </reporter-output>
  <suite name="Default suite" duration-ms="3751" started-at="2019-01-24T07:59:56Z" finished-at="2019-01-24T08:00:00Z">
    <groups>
    </groups>
    <test name="Default test" duration-ms="3751" started-at="2019-01-24T07:59:56Z" finished-at="2019-01-24T08:00:00Z">
      <class name="RestassuredAPI">
        <test-method status="PASS" signature="setup()[pri:0, instance:RestassuredAPI@36d4b5c]" name="setup" is-config="true" duration-ms="258" started-at="2019-01-24T13:29:57Z" finished-at="2019-01-24T13:29:57Z">
          <reporter-output>
          </reporter-output>
        </test-method> <!-- setup -->
        <test-method status="PASS" signature="contenttypeisjson()[pri:0, instance:RestassuredAPI@36d4b5c]" name="contenttypeisjson" duration-ms="3462" started-at="2019-01-24T13:29:57Z" finished-at="2019-01-24T13:30:00Z">
          <reporter-output>
          </reporter-output>
        </test-method> <!-- contenttypeisjson -->
        <test-method status="FAIL" signature="tearup()[pri:0, instance:RestassuredAPI@36d4b5c]" name="tearup" is-config="true" duration-ms="0" started-at="2019-01-24T13:30:00Z" finished-at="2019-01-24T13:30:00Z">
          <exception class="java.lang.NullPointerException">
            <full-stacktrace>
              <![CDATA[java.lang.NullPointerException
	at Baseclass.tearup(Baseclass.java:35)
	at sun.reflect.NativeMethodAccessorImpl.invoke0(Native Method)
	at sun.reflect.NativeMethodAccessorImpl.invoke(NativeMethodAccessorImpl.java:62)
	at sun.reflect.DelegatingMethodAccessorImpl.invoke(DelegatingMethodAccessorImpl.java:43)
	at java.lang.reflect.Method.invoke(Method.java:498)
	at org.testng.internal.MethodInvocationHelper.invokeMethod(MethodInvocationHelper.java:80)
	at org.testng.internal.Invoker.invokeConfigurationMethod(Invoker.java:564)
	at org.testng.internal.Invoker.invokeConfigurations(Invoker.java:213)
	at org.testng.internal.Invoker.invokeMethod(Invoker.java:786)
	at org.testng.internal.Invoker.invokeTestMethod(Invoker.java:901)
	at org.testng.internal.Invoker.invokeTestMethods(Invoker.java:1231)
	at org.testng.internal.TestMethodWorker.invokeTestMethods(TestMethodWorker.java:127)
	at org.testng.internal.TestMethodWorker.run(TestMethodWorker.java:111)
	at org.testng.TestRunner.privateRun(TestRunner.java:767)
	at org.testng.TestRunner.run(TestRunner.java:617)
	at org.testng.SuiteRunner.runTest(SuiteRunner.java:334)
	at org.testng.SuiteRunner.runSequentially(SuiteRunner.java:329)
	at org.testng.SuiteRunner.privateRun(SuiteRunner.java:291)
	at org.testng.SuiteRunner.run(SuiteRunner.java:240)
	at org.testng.SuiteRunnerWorker.runSuite(SuiteRunnerWorker.java:52)
	at org.testng.SuiteRunnerWorker.run(SuiteRunnerWorker.java:86)
	at org.testng.TestNG.runSuitesSequentially(TestNG.java:1198)
	at org.testng.TestNG.runSuitesLocally(TestNG.java:1123)
	at org.testng.TestNG.run(TestNG.java:1031)
	at org.testng.remote.AbstractRemoteTestNG.run(AbstractRemoteTestNG.java:132)
	at org.testng.remote.RemoteTestNG.initAndRun(RemoteTestNG.java:236)
	at org.testng.remote.RemoteTestNG.main(RemoteTestNG.java:81)
]]>
            </full-stacktrace>
          </exception> <!-- java.lang.NullPointerException -->
          <reporter-output>
          </reporter-output>
        </test-method> <!-- tearup -->
      </class> <!-- RestassuredAPI -->
    </test> <!-- Default test -->
  </suite> <!-- Default suite -->
</testng-results>
